[2019-05-20 15:42:11] Текст ошибки: Страница не найдена | Файл: C:\xampp\htdocs\luxury.loc\public\index.php | Строка: 9
===========
[2019-05-20 15:42:11] Текст ошибки: Страница не найдена | Файл: C:\xampp\htdocs\luxury.loc\public\index.php | Строка: 9
===========
[2019-05-20 15:42:42] Текст ошибки: Страница не найдена | Файл: C:\xampp\htdocs\luxury.loc\public\index.php | Строка: 9
===========
[2019-05-20 15:43:31] Текст ошибки: Страница не найдена | Файл: C:\xampp\htdocs\luxury.loc\public\index.php | Строка: 9
===========
[2019-05-20 15:43:44] Текст ошибки: Страница не найдена | Файл: C:\xampp\htdocs\luxury.loc\public\index.php | Строка: 9
===========
[2019-05-20 15:43:55] Текст ошибки: Страница не найдена | Файл: C:\xampp\htdocs\luxury.loc\public\index.php | Строка: 9
===========
[2019-05-20 15:44:17] Текст ошибки: Страница не найдена | Файл: C:\xampp\htdocs\luxury.loc\public\index.php | Строка: 9
===========
[2019-05-20 15:44:42] Текст ошибки: Страница не найдена | Файл: C:\xampp\htdocs\luxury.loc\public\index.php | Строка: 9
===========
[2019-05-20 15:45:14] Текст ошибки: Страница не найдена | Файл: C:\xampp\htdocs\luxury.loc\public\index.php | Строка: 9
===========
[2019-05-20 15:45:23] Текст ошибки: Страница не найдена | Файл: C:\xampp\htdocs\luxury.loc\public\index.php | Строка: 9
===========
[2019-05-20 15:45:49] Текст ошибки: Страница не найдена | Файл: C:\xampp\htdocs\luxury.loc\public\index.php | Строка: 9
===========
[2019-05-20 15:46:10] Текст ошибки: Страница не найдена | Файл: C:\xampp\htdocs\luxury.loc\public\index.php | Строка: 9
===========
[2019-05-20 15:46:15] Текст ошибки: Страница не найдена | Файл: C:\xampp\htdocs\luxury.loc\public\index.php | Строка: 9
===========
[2019-05-20 15:46:39] Текст ошибки: Страница не найдена | Файл: C:\xampp\htdocs\luxury.loc\public\index.php | Строка: 9
===========
[2019-05-20 15:51:56] Текст ошибки: Страница не найдена | Файл: C:\xampp\htdocs\luxury.loc\public\index.php | Строка: 9
===========
[2019-05-20 15:51:58] Текст ошибки: Страница не найдена | Файл: C:\xampp\htdocs\luxury.loc\public\index.php | Строка: 9
===========
[2019-05-20 15:51:58] Текст ошибки: Страница не найдена | Файл: C:\xampp\htdocs\luxury.loc\public\index.php | Строка: 9
===========
[2019-05-20 15:52:30] Текст ошибки: Страница не найдена | Файл: C:\xampp\htdocs\luxury.loc\public\index.php | Строка: 9
===========
[2019-05-20 15:52:30] Текст ошибки: Страница не найдена | Файл: C:\xampp\htdocs\luxury.loc\public\index.php | Строка: 9
===========
[2019-05-20 15:52:36] Текст ошибки: Страница не найдена | Файл: C:\xampp\htdocs\luxury.loc\public\index.php | Строка: 9
===========
[2019-05-20 15:52:36] Текст ошибки: Страница не найдена | Файл: C:\xampp\htdocs\luxury.loc\public\index.php | Строка: 9
===========
[2019-05-20 15:52:37] Текст ошибки: Страница не найдена | Файл: C:\xampp\htdocs\luxury.loc\public\index.php | Строка: 9
===========
[2019-05-20 15:52:37] Текст ошибки: Страница не найдена | Файл: C:\xampp\htdocs\luxury.loc\public\index.php | Строка: 9
===========
[2019-05-20 15:52:37] Текст ошибки: Страница не найдена | Файл: C:\xampp\htdocs\luxury.loc\public\index.php | Строка: 9
===========
[2019-05-20 15:52:37] Текст ошибки: Страница не найдена | Файл: C:\xampp\htdocs\luxury.loc\public\index.php | Строка: 9
===========
[2019-05-20 15:52:38] Текст ошибки: Страница не найдена | Файл: C:\xampp\htdocs\luxury.loc\public\index.php | Строка: 9
===========
[2019-05-20 15:52:38] Текст ошибки: Страница не найдена | Файл: C:\xampp\htdocs\luxury.loc\public\index.php | Строка: 9
===========
[2019-05-20 15:55:02] Текст ошибки: Страница не найдена | Файл: C:\xampp\htdocs\luxury.loc\public\index.php | Строка: 9
===========
[2019-05-20 15:55:05] Текст ошибки: Страница не найдена | Файл: C:\xampp\htdocs\luxury.loc\public\index.php | Строка: 9
===========
[2019-05-20 15:58:04] Текст ошибки: Страница не найдена | Файл: C:\xampp\htdocs\luxury.loc\public\index.php | Строка: 9
===========
[2019-05-20 15:58:07] Текст ошибки: Страница не найдена | Файл: C:\xampp\htdocs\luxury.loc\public\index.php | Строка: 9
===========
[2019-05-20 15:58:07] Текст ошибки: Страница не найдена | Файл: C:\xampp\htdocs\luxury.loc\public\index.php | Строка: 9
===========
[2019-05-20 15:58:26] Текст ошибки: Страница не найдена | Файл: C:\xampp\htdocs\luxury.loc\public\index.php | Строка: 9
===========
[2019-05-20 15:59:25] Текст ошибки: Страница не найдена | Файл: C:\xampp\htdocs\luxury.loc\public\index.php | Строка: 9
===========
[2019-05-20 17:11:18] Текст ошибки: Too few arguments to function luxury\Router::matchRoute(), 0 passed in C:\xampp\htdocs\luxury.loc\vendor\luxury\core\Router.php on line 33 and exactly 1 expected | Файл: C:\xampp\htdocs\luxury.loc\vendor\luxury\core\Router.php | Строка: 40
===========
[2019-05-20 17:12:06] Текст ошибки: Too few arguments to function luxury\Router::matchRoute(), 0 passed in C:\xampp\htdocs\luxury.loc\vendor\luxury\core\Router.php on line 33 and exactly 1 expected | Файл: C:\xampp\htdocs\luxury.loc\vendor\luxury\core\Router.php | Строка: 40
===========
[2019-05-20 17:12:12] Текст ошибки: Too few arguments to function luxury\Router::matchRoute(), 0 passed in C:\xampp\htdocs\luxury.loc\vendor\luxury\core\Router.php on line 33 and exactly 1 expected | Файл: C:\xampp\htdocs\luxury.loc\vendor\luxury\core\Router.php | Строка: 40
===========
[2019-05-20 17:22:33] Текст ошибки: Страница не найдена | Файл: C:\xampp\htdocs\luxury.loc\vendor\luxury\core\Router.php | Строка: 36
===========
[2019-05-20 17:35:48] Текст ошибки: Страница не найдена | Файл: C:\xampp\htdocs\luxury.loc\vendor\luxury\core\Router.php | Строка: 36
===========
[2019-05-20 17:42:29] Текст ошибки: Страница не найдена | Файл: C:\xampp\htdocs\luxury.loc\vendor\luxury\core\Router.php | Строка: 42
===========
[2019-05-20 17:42:31] Текст ошибки: Контроллер app\controllers\CategoryController  не найден. | Файл: C:\xampp\htdocs\luxury.loc\vendor\luxury\core\Router.php | Строка: 39
===========
[2019-05-20 17:42:38] Текст ошибки: Контроллер app\controllers\MainController  не найден. | Файл: C:\xampp\htdocs\luxury.loc\vendor\luxury\core\Router.php | Строка: 39
===========
[2019-05-20 17:43:04] Текст ошибки: Контроллер app\controllers\MainController  не найден. | Файл: C:\xampp\htdocs\luxury.loc\vendor\luxury\core\Router.php | Строка: 39
===========
[2019-05-20 17:43:10] Текст ошибки: Контроллер app\controllers\PageController  не найден. | Файл: C:\xampp\htdocs\luxury.loc\vendor\luxury\core\Router.php | Строка: 39
===========
[2019-05-20 17:49:04] Текст ошибки: Контроллер app\controllers\PageController  не найден. | Файл: C:\xampp\htdocs\luxury.loc\vendor\luxury\core\Router.php | Строка: 44
===========
[2019-05-20 17:49:07] Текст ошибки: Контроллер app\controllers\MainController  не найден. | Файл: C:\xampp\htdocs\luxury.loc\vendor\luxury\core\Router.php | Строка: 44
===========
[2019-05-20 17:50:27] Текст ошибки: Контроллер app\controllers\PageController  не найден. | Файл: C:\xampp\htdocs\luxury.loc\vendor\luxury\core\Router.php | Строка: 44
===========
[2019-05-20 18:42:13] Текст ошибки: Контроллер app\controllers\PageController  не найден. | Файл: C:\xampp\htdocs\luxury.loc\vendor\luxury\core\Router.php | Строка: 44
===========
[2019-05-22 14:52:10] Текст ошибки: Страница не найдена | Файл: C:\xampp\htdocs\luxury.loc\vendor\luxury\core\Router.php | Строка: 47
===========
[2019-05-28 13:14:15] Текст ошибки: Страница не найдена | Файл: C:\xampp\htdocs\luxury.loc\vendor\luxury\core\Router.php | Строка: 47
===========
[2019-05-28 13:26:33] Текст ошибки: syntax error, unexpected ';', expecting '{' | Файл: C:\xampp\htdocs\luxury.loc\app\controllers\MainController.php | Строка: 14
===========
[2019-05-28 13:53:25] Текст ошибки: Не найден вид C:\xampp\htdocs\luxury.loc/app/views/Mainindex .php | Файл: C:\xampp\htdocs\luxury.loc\vendor\luxury\core\base\View.php | Строка: 44
===========
[2019-05-28 13:53:52] Текст ошибки: Не найден вид C:\xampp\htdocs\luxury.loc/app/views/Mainindex .php | Файл: C:\xampp\htdocs\luxury.loc\vendor\luxury\core\base\View.php | Строка: 46
===========
[2019-05-28 13:53:52] Текст ошибки: Страница не найдена | Файл: C:\xampp\htdocs\luxury.loc\vendor\luxury\core\Router.php | Строка: 48
===========
[2019-05-28 13:55:23] Текст ошибки: Не найден вид C:\xampp\htdocs\luxury.loc/app/views/Mainindex .php | Файл: C:\xampp\htdocs\luxury.loc\vendor\luxury\core\base\View.php | Строка: 48
===========
[2019-05-28 13:55:38] Текст ошибки: Не найден вид C:\xampp\htdocs\luxury.loc/app/views/Mainindex .php | Файл: C:\xampp\htdocs\luxury.loc\vendor\luxury\core\base\View.php | Строка: 48
===========
[2019-05-28 13:55:38] Текст ошибки: Страница не найдена | Файл: C:\xampp\htdocs\luxury.loc\vendor\luxury\core\Router.php | Строка: 48
===========
[2019-05-28 13:56:04] Текст ошибки: Не найден вид C:\xampp\htdocs\luxury.loc/app/views/Mainindex.php | Файл: C:\xampp\htdocs\luxury.loc\vendor\luxury\core\base\View.php | Строка: 48
===========
[2019-05-28 13:56:29] Текст ошибки: Страница не найдена | Файл: C:\xampp\htdocs\luxury.loc\vendor\luxury\core\Router.php | Строка: 48
===========
[2019-05-28 13:56:35] Текст ошибки: Страница не найдена | Файл: C:\xampp\htdocs\luxury.loc\vendor\luxury\core\Router.php | Строка: 48
===========
[2019-05-28 13:56:41] Текст ошибки: Страница не найдена | Файл: C:\xampp\htdocs\luxury.loc\vendor\luxury\core\Router.php | Строка: 48
===========
